This is pdfTeX, Version 3.14159265-2.6-1.40.17 (MiKTeX 2.9.6210) (preloaded format=pdflatex 2018.4.3)  15 AUG 2019 11:57
entering extended mode
**./LabMicros_caratula.tex
(LabMicros_caratula.tex
LaTeX2e <2016/03/31> patch level 3
Babel <3.9r> and hyphenation patterns for 75 language(s) loaded.

! LaTeX Error: Environment titlepage undefined.

See the LaTeX manual or LaTeX Companion for explanation.
Type  H <return>  for immediate help.
 ...                                              
                                                  
l.1 \begin{titlepage}
                     
Your command was ignored.
Type  I <command> <return>  to replace it with another command,
or  <return>  to continue without it.


! LaTeX Error: Missing \begin{document}.

See the LaTeX manual or LaTeX Companion for explanation.
Type  H <return>  for immediate help.
 ...                                              
                                                  
l.3 \center
           
You're in trouble here.  Try typing  <return>  to proceed.
If that doesn't work, type  X <return>  to quit.


Overfull \hbox (20.0pt too wide) in paragraph at lines 3--3
[] 
 []

! Undefined control sequence.
<recently read> \LARGE 
                       
l.4 ...{Instituto Tecnol\'ogico de Buenos Aires}}}
                                                  \\[1.5cm]
The control sequence at the end of the top line
of your error message was never \def'ed. If you have
misspelled it (e.g., `\hobx'), type `I' and the correct
spelling (e.g., `I\hbox'). Otherwise just continue,
and I'll forget about whatever was undefined.


LaTeX Font Warning: Font shape `OT1/cmr/bx/sc' undefined
(Font)              using `OT1/cmr/bx/n' instead on input line 4.


Overfull \hbox (192.28786pt too wide) in paragraph at lines 4--4
 [] 
 []

! Undefined control sequence.
<recently read> \Large 
                       
l.5 ...\'alisis de Se\~nales y Sistemas Digitales}
                                                  \\[0.5cm]
The control sequence at the end of the top line
of your error message was never \def'ed. If you have
misspelled it (e.g., `\hobx'), type `I' and the correct
spelling (e.g., `I\hbox'). Otherwise just continue,
and I'll forget about whatever was undefined.


Overfull \hbox (25.3053pt too wide) in paragraph at lines 5--5
 []\OT1/cmr/m/sc/10 22.05 
 []


Overfull \hbox (40.73866pt too wide) in paragraph at lines 5--5
 \OT1/cmr/m/sc/10 An[]alisis 
 []


Overfull \hbox (11.82217pt too wide) in paragraph at lines 5--5
 \OT1/cmr/m/sc/10 de 
 []


Overfull \hbox (39.24422pt too wide) in paragraph at lines 5--5
 \OT1/cmr/m/sc/10 Se[]nales 
 []


Overfull \hbox (6.13332pt too wide) in paragraph at lines 5--5
 \OT1/cmr/m/sc/10 y 
 []


Overfull \hbox (17.48874pt too wide) in paragraph at lines 5--5
 \OT1/cmr/m/sc/10 Sis- 
 []


Overfull \hbox (29.66652pt too wide) in paragraph at lines 5--5
 \OT1/cmr/m/sc/10 temas 
 []


Overfull \hbox (21.50261pt too wide) in paragraph at lines 5--5
 \OT1/cmr/m/sc/10 Dig- 
 []


Overfull \hbox (6.79994pt too wide) in paragraph at lines 5--5
 \OT1/cmr/m/sc/10 i- 
 []


Overfull \hbox (26.6665pt too wide) in paragraph at lines 5--5
 \OT1/cmr/m/sc/10 tales 
 []

! Undefined control sequence.
l.9 { \Huge
            \bfseries Gu√≠a de Ejercicios N 3: Timing y Buses}\\[0.4cm] % Ti...
The control sequence at the end of the top line
of your error message was never \def'ed. If you have
misspelled it (e.g., `\hobx'), type `I' and the correct
spelling (e.g., `I\hbox'). Otherwise just continue,
and I'll forget about whatever was undefined.

Missing character: There is no √ in font cmbx10!
Missing character: There is no ≠ in font cmbx10!

Overfull \hbox (21.02069pt too wide) in paragraph at lines 9--9
 []\OT1/cmr/bx/n/10 Gua 
 []


Overfull \hbox (11.65967pt too wide) in paragraph at lines 9--9
 \OT1/cmr/bx/n/10 de 
 []


Overfull \hbox (24.9096pt too wide) in paragraph at lines 9--9
 \OT1/cmr/bx/n/10 Ejer- 
 []


Overfull \hbox (12.13882pt too wide) in paragraph at lines 9--9
 \OT1/cmr/bx/n/10 ci- 
 []


Overfull \hbox (18.59155pt too wide) in paragraph at lines 9--9
 \OT1/cmr/bx/n/10 cios 
 []


Overfull \hbox (8.99995pt too wide) in paragraph at lines 9--9
 \OT1/cmr/bx/n/10 N 
 []


Overfull \hbox (8.9444pt too wide) in paragraph at lines 9--9
 \OT1/cmr/bx/n/10 3: 
 []


Overfull \hbox (24.61098pt too wide) in paragraph at lines 9--9
 \OT1/cmr/bx/n/10 Tim- 
 []


Overfull \hbox (15.33325pt too wide) in paragraph at lines 9--9
 \OT1/cmr/bx/n/10 ing 
 []


Overfull \hbox (6.06941pt too wide) in paragraph at lines 9--9
 \OT1/cmr/bx/n/10 y 
 []


Overfull \hbox (28.91232pt too wide) in paragraph at lines 9--9
 \OT1/cmr/bx/n/10 Buses 
 []

! Undefined control sequence.
l.13 {\large
            
The control sequence at the end of the top line
of your error message was never \def'ed. If you have
misspelled it (e.g., `\hobx'), type `I' and the correct
spelling (e.g., `I\hbox'). Otherwise just continue,
and I'll forget about whatever was undefined.


Overfull \hbox (27.03038pt too wide) in paragraph at lines 15--15
 []\OT1/cmr/m/it/10 Grupo 
 []


Overfull \hbox (6.46664pt too wide) in paragraph at lines 15--15
 \OT1/cmr/m/it/10 2 
 []

LaTeX Font Info:    External font `cmex10' loaded for size
(Font)              <7> on input line 18.
LaTeX Font Info:    External font `cmex10' loaded for size
(Font)              <5> on input line 18.
Missing character: There is no , in font nullfont!
Missing character: There is no M in font nullfont!
Missing character: There is no a in font nullfont!
Missing character: There is no r in font nullfont!
Missing character: There is no t in font nullfont!
Missing character: There is no i in font nullfont!
Missing character: There is no n in font nullfont!
Missing character: There is no a in font nullfont!
Missing character: There is no 5 in font nullfont!
Missing character: There is no 7 in font nullfont!
Missing character: There is no 1 in font nullfont!
Missing character: There is no 2 in font nullfont!
Missing character: There is no 0 in font nullfont!
Missing character: There is no , in font nullfont!
Missing character: There is no J in font nullfont!
Missing character: There is no o in font nullfont!
Missing character: There is no a in font nullfont!
Missing character: There is no q in font nullfont!
Missing character: There is no u in font nullfont!
LaTeX Font Info:    Try loading font information for +cmr on input line 20.
LaTeX Font Info:    No file cmr.fd. on input line 20.

LaTeX Font Warning: Font shape `/cmr/m/n' undefined
(Font)              using `/cmr/m/n' instead on input line 20.

! Corrupted NFSS tables.
wrong@fontshape ...message {Corrupted NFSS tables}
                                                  error@fontshape else let f...
l.20 \textsc{Mestanza}, Joaqu\'i
                                n Mat\'ias  & 58288 \\
This error message was generated by an \errmessage
command, so I can't give any explicit help.
Pretend that you're Hercule Poirot: Examine all clues,
and deduce the truth by order and method.


LaTeX Font Warning: Font shape `/cmr/m/n' undefined
(Font)              using `OT1/cmr/m/n' instead on input line 20.

Missing character: There is no n in font nullfont!
Missing character: There is no M in font nullfont!
Missing character: There is no a in font nullfont!
Missing character: There is no t in font nullfont!
Missing character: There is no a in font nullfont!
Missing character: There is no s in font nullfont!
Missing character: There is no 5 in font nullfont!
Missing character: There is no 8 in font nullfont!
Missing character: There is no 2 in font nullfont!
Missing character: There is no 8 in font nullfont!
Missing character: There is no 8 in font nullfont!
Missing character: There is no , in font nullfont!
Missing character: There is no A in font nullfont!
Missing character: There is no r in font nullfont!
Missing character: There is no i in font nullfont!
Missing character: There is no e in font nullfont!
Missing character: There is no l in font nullfont!
Missing character: There is no S in font nullfont!
Missing character: There is no a in font nullfont!
Missing character: There is no n in font nullfont!
Missing character: There is no t in font nullfont!
Missing character: There is no i in font nullfont!
Missing character: There is no a in font nullfont!
Missing character: There is no g in font nullfont!
Missing character: There is no o in font nullfont!
Missing character: There is no 5 in font nullfont!
Missing character: There is no 8 in font nullfont!
Missing character: There is no 3 in font nullfont!
Missing character: There is no 0 in font nullfont!
Missing character: There is no 9 in font nullfont!
Missing character: There is no , in font nullfont!
Missing character: There is no M in font nullfont!
Missing character: There is no a in font nullfont!
Missing character: There is no r in font nullfont!
Missing character: There is no c in font nullfont!
Missing character: There is no e in font nullfont!
Missing character: There is no l in font nullfont!
Missing character: There is no o in font nullfont!
Missing character: There is no D in font nullfont!
Missing character: There is no a in font nullfont!
Missing character: There is no n in font nullfont!
Missing character: There is no i in font nullfont!
Missing character: There is no e in font nullfont!
Missing character: There is no l in font nullfont!
Missing character: There is no 5 in font nullfont!
Missing character: There is no 8 in font nullfont!
Missing character: There is no 3 in font nullfont!
Missing character: There is no 0 in font nullfont!
Missing character: There is no 0 in font nullfont!

Overfull \hbox (59.26643pt too wide) in paragraph at lines 18--24
 [][] 
 []


Overfull \hbox (45.6816pt too wide) in paragraph at lines 27--27
 []\OT1/cmr/m/it/10 Profesores 
 []

Missing character: There is no , in font nullfont!
Missing character: There is no D in font nullfont!
Missing character: There is no a in font nullfont!
Missing character: There is no n in font nullfont!
Missing character: There is no i in font nullfont!
Missing character: There is no e in font nullfont!
Missing character: There is no l in font nullfont!
Missing character: There is no A in font nullfont!
Missing character: There is no n in font nullfont!
Missing character: There is no d in font nullfont!
Missing character: There is no r in font nullfont!
Missing character: There is no s in font nullfont!

Overfull \hbox (35.77759pt too wide) in paragraph at lines 29--29
 []\OT1/cmr/m/sc/10 Jacoby 
 []


Overfull \hbox (4.44444pt too wide) in paragraph at lines 29--29
 \/cmr/m/n/10 e 
 []

Missing character: There is no , in font nullfont!
Missing character: There is no R in font nullfont!
Missing character: There is no o in font nullfont!
Missing character: There is no d in font nullfont!
Missing character: There is no r in font nullfont!
Missing character: There is no i in font nullfont!
Missing character: There is no g in font nullfont!
Missing character: There is no o in font nullfont!
Missing character: There is no I in font nullfont!
Missing character: There is no a in font nullfont!
Missing character: There is no k in font nullfont!
Missing character: There is no i in font nullfont!

Overfull \hbox (48.78867pt too wide) in paragraph at lines 30--30
 []\OT1/cmr/m/sc/10 Iribarren 
 []


Overfull \hbox (5.55557pt too wide) in paragraph at lines 30--30
 \/cmr/m/n/10 ~n 
 []

Missing character: There is no , in font nullfont!
Missing character: There is no C in font nullfont!
Missing character: There is no a in font nullfont!
Missing character: There is no r in font nullfont!
Missing character: There is no l in font nullfont!
Missing character: There is no o in font nullfont!
Missing character: There is no s in font nullfont!

Overfull \hbox (62.09686pt too wide) in paragraph at lines 31--31
 []\OT1/cmr/m/sc/10 Belaustegui 
 []


Overfull \hbox (32.95813pt too wide) in paragraph at lines 31--31
 \OT1/cmr/m/sc/10 Goitia 
 []

Missing character: There is no P in font nullfont!
Missing character: There is no r in font nullfont!
Missing character: There is no e in font nullfont!
Missing character: There is no s in font nullfont!
Missing character: There is no e in font nullfont!
Missing character: There is no n in font nullfont!
Missing character: There is no t in font nullfont!
Missing character: There is no a in font nullfont!
Missing character: There is no d in font nullfont!
Missing character: There is no o in font nullfont!
Missing character: There is no : in font nullfont!
Missing character: There is no 1 in font nullfont!
Missing character: There is no 4 in font nullfont!
Missing character: There is no / in font nullfont!
Missing character: There is no 0 in font nullfont!
Missing character: There is no 6 in font nullfont!
Missing character: There is no / in font nullfont!
Missing character: There is no 2 in font nullfont!
Missing character: There is no 0 in font nullfont!
Missing character: There is no 1 in font nullfont!
Missing character: There is no 9 in font nullfont!

! LaTeX Error: \begin{document} ended by \end{titlepage}.

See the LaTeX manual or LaTeX Companion for explanation.
Type  H <return>  for immediate help.
 ...                                              
                                                  
l.45 \end{titlepage}
                    
Your command was ignored.
Type  I <command> <return>  to replace it with another command,
or  <return>  to continue without it.

)
! Emergency stop.
<*> ./LabMicros_caratula.tex
                            
*** (job aborted, no legal \end found)

 
Here is how much of TeX's memory you used:
 33 strings out of 493333
 379 string characters out of 3136603
 55242 words of memory out of 3000000
 3659 multiletter control sequences out of 15000+200000
 4595 words of font info for 17 fonts, out of 3000000 for 9000
 1141 hyphenation exceptions out of 8191
 19i,7n,16p,135b,233s stack positions out of 5000i,500n,10000p,200000b,50000s
!  ==> Fatal error occurred, no output PDF file produced!
