14:58:46 **** Incremental Build of configuration Debug for project Blink ****
make -r -j3 all 
Building file: ../source/App.c
Building file: ../source/demodulatorFSK.c
Invoking: MCU C Compiler
Invoking: MCU C Compiler
arm-none-eabi-gcc -DCPU_MK64FN1M0VLL12 -D__USE_CMSIS -DDEBUG -I../source -I../ -I../SDK/CMSIS -I../SDK/startup -O0 -fno-common -g3 -Wall -c -ffunction-sections -fdata-sections -ffreestanding -fno-builtin -mcpu=cortex-m4 -mfpu=fpv4-sp-d16 -mfloat-abi=hard -mthumb -fstack-usage -MMD -MP -MF"source/demodulatorFSK.d" -MT"source/demodulatorFSK.o" -MT"source/demodulatorFSK.d" -o "source/demodulatorFSK.o" "../source/demodulatorFSK.c"
arm-none-eabi-gcc -DCPU_MK64FN1M0VLL12 -D__USE_CMSIS -DDEBUG -I../source -I../ -I../SDK/CMSIS -I../SDK/startup -O0 -fno-common -g3 -Wall -c -ffunction-sections -fdata-sections -ffreestanding -fno-builtin -mcpu=cortex-m4 -mfpu=fpv4-sp-d16 -mfloat-abi=hard -mthumb -fstack-usage -MMD -MP -MF"source/App.d" -MT"source/App.o" -MT"source/App.d" -o "source/App.o" "../source/App.c"
Finished building: ../source/demodulatorFSK.c
 
../source/App.c: In function 'demCallback':
../source/App.c:82:6: warning: unused variable 'b' [-Wunused-variable]
  int b = 0;
      ^
Finished building: ../source/App.c
 
Building target: Blink.axf
Invoking: MCU Linker
arm-none-eabi-gcc -nostdlib -Xlinker -Map="Blink.map" -Xlinker --gc-sections -Xlinker -print-memory-usage -Xlinker --sort-section=alignment -mcpu=cortex-m4 -mfpu=fpv4-sp-d16 -mfloat-abi=hard -mthumb -T "Blink_Debug.ld" -o "Blink.axf"  ./source/ADC.o ./source/App.o ./source/DAC.o ./source/Modulador.o ./source/PIT.o ./source/SysTick.o ./source/demodulatorFSK.o ./source/gpio.o ./source/timer.o  ./SDK/startup/hardware.o ./SDK/startup/main.o ./SDK/startup/semihost_hardfault.o ./SDK/startup/startup_mk64f12.o  ./SDK/CMSIS/system_MK64F12.o   
Memory region         Used Size  Region Size  %age Used
   PROGRAM_FLASH:        9504 B         1 MB      0.91%
      SRAM_UPPER:        9536 B       192 KB      4.85%
      SRAM_LOWER:          0 GB        64 KB      0.00%
        FLEX_RAM:          0 GB         4 KB      0.00%
Finished building target: Blink.axf
 
make --no-print-directory post-build
Performing post-build steps
arm-none-eabi-size "Blink.axf"; # arm-none-eabi-objcopy -v -O binary "Blink.axf" "Blink.bin" ; # checksum -p MK64FN1M0xxx12 -d "Blink.bin";
   text	   data	    bss	    dec	    hex	filename
   9320	    184	   9352	  18856	   49a8	Blink.axf
 
14:58:54 **** Incremental Build of configuration Debug for project Blink ****
make -r -j3 all 
make: Nothing to be done for `all'.
